
SQL*Loader: Release 12.1.0.2.0 - Production on Tue Oct 9 15:47:34 2018

Copyright (c) 1982, 2014, Oracle and/or its affiliates.  All rights reserved.

Control File:   e_pers2.ctl
Data File:      e_pers2.dat
  Bad File:     e_pers2.bad
  Discard File:  none specified
 
 (Allow all discards)

Number to load: ALL
Number to skip: 0
Errors allowed: 50
Bind array:     64 rows, maximum of 256000 bytes
Continuation:    none specified
Path used:      Conventional

Table E_PERSOON, loaded when 1:1 = 0X50(character 'P')
Insert option in effect for this table: APPEND

   Column Name                  Position   Len  Term Encl Datatype
------------------------------ ---------- ----- ---- ---- ---------------------
PNR                                     3     *  WHT      CHARACTER            
PGS                                  NEXT     *  WHT      CHARACTER            
PRO                                  NEXT     *  WHT      CHARACTER            
PNM                                  NEXT     *  WHT      CHARACTER            
PVN                                  NEXT     *  WHT      CHARACTER            
PPC                                  NEXT     *  WHT      CHARACTER            
PWP                                  NEXT     *  WHT      CHARACTER            
PGB                                  NEXT     *  WHT      DATE DD/MM/YYYY      


Table E_PERSOON:
  1153 Rows successfully loaded.
  0 Rows not loaded due to data errors.
  0 Rows not loaded because all WHEN clauses were failed.
  0 Rows not loaded because all fields were null.


Space allocated for bind array:                 132096 bytes(64 rows)
Read   buffer bytes: 1048576

Total logical records skipped:          0
Total logical records read:          1153
Total logical records rejected:         0
Total logical records discarded:        0

Run began on Tue Oct 09 15:47:34 2018
Run ended on Tue Oct 09 15:47:35 2018

Elapsed time was:     00:00:00.36
CPU time was:         00:00:00.04
